# JRE version: OpenJDK Runtime Environment Microsoft-8035250 (11.0.20+8) (build 11.0.20+8-LTS)
# Java VM: OpenJDK 64-Bit Server VM Microsoft-8035250 (11.0.20+8-LTS, mixed mode, tiered, compressed oops, g1 gc, windows-amd64)
Heap:
 garbage-first heap   total 262144K, used 121526K [0x0000000080000000, 0x0000000100000000)
  region size 1024K, 76 young (77824K), 9 survivors (9216K)
 Metaspace       used 74600K, capacity 76664K, committed 77008K, reserved 583680K
  class space    used 9675K, capacity 10522K, committed 10624K, reserved 516096K
GC Heap History (20 events):
Event: 0.985 GC heap before
{Heap before GC invocations=0 (full 0):
 garbage-first heap   total 262144K, used 27648K [0x0000000080000000, 0x0000000100000000)
  region size 1024K, 24 young (24576K), 0 survivors (0K)
 Metaspace       used 10056K, capacity 10336K, committed 10624K, reserved 526336K
  class space    used 1018K, capacity 1105K, committed 1152K, reserved 516096K
}
Event: 0.990 GC heap after
{Heap after GC invocations=1 (full 0):
 garbage-first heap   total 262144K, used 10696K [0x0000000080000000, 0x0000000100000000)
  region size 1024K, 3 young (3072K), 3 survivors (3072K)
 Metaspace       used 10056K, capacity 10336K, committed 10624K, reserved 526336K
  class space    used 1018K, capacity 1105K, committed 1152K, reserved 516096K
}
Event: 1.706 GC heap before
{Heap before GC invocations=1 (full 0):
 garbage-first heap   total 262144K, used 39368K [0x0000000080000000, 0x0000000100000000)
  region size 1024K, 31 young (31744K), 3 survivors (3072K)
 Metaspace       used 11275K, capacity 11579K, committed 11776K, reserved 528384K
  class space    used 1149K, capacity 1242K, committed 1280K, reserved 516096K
}
Event: 1.710 GC heap after
{Heap after GC invocations=2 (full 0):
 garbage-first heap   total 262144K, used 11937K [0x0000000080000000, 0x0000000100000000)
  region size 1024K, 2 young (2048K), 2 survivors (2048K)
 Metaspace       used 11275K, capacity 11579K, committed 11776K, reserved 528384K
  class space    used 1149K, capacity 1242K, committed 1280K, reserved 516096K
}
Event: 3.366 GC heap before
{Heap before GC invocations=2 (full 0):
 garbage-first heap   total 262144K, used 56993K [0x0000000080000000, 0x0000000100000000)
  region size 1024K, 45 young (46080K), 2 survivors (2048K)
 Metaspace       used 18438K, capacity 18852K, committed 18944K, reserved 534528K
  class space    used 2112K, capacity 2243K, committed 2304K, reserved 516096K
}
Event: 3.371 GC heap after
{Heap after GC invocations=3 (full 0):
 garbage-first heap   total 262144K, used 18013K [0x0000000080000000, 0x0000000100000000)
  region size 1024K, 6 young (6144K), 6 survivors (6144K)
 Metaspace       used 18438K, capacity 18852K, committed 18944K, reserved 534528K
  class space    used 2112K, capacity 2243K, committed 2304K, reserved 516096K
}
Event: 3.664 GC heap before
{Heap before GC invocations=3 (full 0):
 garbage-first heap   total 262144K, used 36445K [0x0000000080000000, 0x0000000100000000)
  region size 1024K, 25 young (25600K), 6 survivors (6144K)
 Metaspace       used 20724K, capacity 21143K, committed 21296K, reserved 536576K
  class space    used 2456K, capacity 2610K, committed 2688K, reserved 516096K
}
Event: 3.674 GC heap after
{Heap after GC invocations=4 (full 0):
 garbage-first heap   total 262144K, used 18983K [0x0000000080000000, 0x0000000100000000)
  region size 1024K, 7 young (7168K), 7 survivors (7168K)
 Metaspace       used 20724K, capacity 21143K, committed 21296K, reserved 536576K
  class space    used 2456K, capacity 2610K, committed 2688K, reserved 516096K
}
Event: 4.859 GC heap before
{Heap before GC invocations=5 (full 0):
 garbage-first heap   total 262144K, used 91687K [0x0000000080000000, 0x0000000100000000)
  region size 1024K, 79 young (80896K), 7 survivors (7168K)
 Metaspace       used 27907K, capacity 28643K, committed 28976K, reserved 542720K
  class space    used 3577K, capacity 3842K, committed 3968K, reserved 516096K
}
Event: 4.866 GC heap after
{Heap after GC invocations=6 (full 0):
 garbage-first heap   total 262144K, used 21538K [0x0000000080000000, 0x0000000100000000)
  region size 1024K, 4 young (4096K), 4 survivors (4096K)
 Metaspace       used 27907K, capacity 28643K, committed 28976K, reserved 542720K
  class space    used 3577K, capacity 3842K, committed 3968K, reserved 516096K
}
Event: 6.025 GC heap before
{Heap before GC invocations=6 (full 0):
 garbage-first heap   total 262144K, used 77858K [0x0000000080000000, 0x0000000100000000)
  region size 1024K, 60 young (61440K), 4 survivors (4096K)
 Metaspace       used 34981K, capacity 35787K, committed 35920K, reserved 548864K
  class space    used 4462K, capacity 4780K, committed 4864K, reserved 516096K
}
Event: 6.034 GC heap after
{Heap after GC invocations=7 (full 0):
 garbage-first heap   total 262144K, used 24251K [0x0000000080000000, 0x0000000100000000)
  region size 1024K, 7 young (7168K), 7 survivors (7168K)
 Metaspace       used 34981K, capacity 35787K, committed 35920K, reserved 548864K
  class space    used 4462K, capacity 4780K, committed 4864K, reserved 516096K
}
Event: 18.689 GC heap before
{Heap before GC invocations=8 (full 0):
 garbage-first heap   total 262144K, used 133819K [0x0000000080000000, 0x0000000100000000)
  region size 1024K, 112 young (114688K), 7 survivors (7168K)
 Metaspace       used 43127K, capacity 44241K, committed 44496K, reserved 555008K
  class space    used 5442K, capacity 5921K, committed 6016K, reserved 516096K
}
Event: 18.703 GC heap after
{Heap after GC invocations=9 (full 0):
 garbage-first heap   total 262144K, used 31743K [0x0000000080000000, 0x0000000100000000)
  region size 1024K, 14 young (14336K), 14 survivors (14336K)
 Metaspace       used 43127K, capacity 44241K, committed 44496K, reserved 555008K
  class space    used 5442K, capacity 5921K, committed 6016K, reserved 516096K
}
Event: 21.780 GC heap before
{Heap before GC invocations=9 (full 0):
 garbage-first heap   total 262144K, used 174079K [0x0000000080000000, 0x0000000100000000)
  region size 1024K, 153 young (156672K), 14 survivors (14336K)
 Metaspace       used 58122K, capacity 59526K, committed 59600K, reserved 569344K
  class space    used 7433K, capacity 8024K, committed 8064K, reserved 516096K
}
Event: 21.801 GC heap after
{Heap after GC invocations=10 (full 0):
 garbage-first heap   total 262144K, used 39138K [0x0000000080000000, 0x0000000100000000)
  region size 1024K, 18 young (18432K), 18 survivors (18432K)
 Metaspace       used 58122K, capacity 59526K, committed 59600K, reserved 569344K
  class space    used 7433K, capacity 8024K, committed 8064K, reserved 516096K
}
Event: 22.160 GC heap before
{Heap before GC invocations=10 (full 0):
 garbage-first heap   total 262144K, used 59618K [0x0000000080000000, 0x0000000100000000)
  region size 1024K, 33 young (33792K), 18 survivors (18432K)
 Metaspace       used 58543K, capacity 60125K, committed 60240K, reserved 569344K
  class space    used 7476K, capacity 8138K, committed 8192K, reserved 516096K
}
Event: 22.195 GC heap after
{Heap after GC invocations=11 (full 0):
 garbage-first heap   total 262144K, used 48093K [0x0000000080000000, 0x0000000100000000)
  region size 1024K, 11 young (11264K), 11 survivors (11264K)
 Metaspace       used 58543K, capacity 60125K, committed 60240K, reserved 569344K
  class space    used 7476K, capacity 8138K, committed 8192K, reserved 516096K
}
Event: 24.700 GC heap before
{Heap before GC invocations=12 (full 0):
 garbage-first heap   total 262144K, used 183261K [0x0000000080000000, 0x0000000100000000)
  region size 1024K, 143 young (146432K), 11 survivors (11264K)
 Metaspace       used 70574K, capacity 72407K, committed 72528K, reserved 579584K
  class space    used 9108K, capacity 9865K, committed 9984K, reserved 516096K
}
Event: 24.710 GC heap after
{Heap after GC invocations=13 (full 0):
 garbage-first heap   total 262144K, used 53942K [0x0000000080000000, 0x0000000100000000)
  region size 1024K, 9 young (9216K), 9 survivors (9216K)
 Metaspace       used 70574K, capacity 72407K, committed 72528K, reserved 579584K
  class space    used 9108K, capacity 9865K, committed 9984K, reserved 516096K
}

